<?xml version="1.0" encoding="UTF-8"?>
<testng-results ignored="0" total="1" passed="1" failed="0" skipped="0">
  <reporter-output>
  </reporter-output>
  <suite started-at="2021-10-13T10:37:07 IST" name="Default suite" finished-at="2021-10-13T10:37:32 IST" duration-ms="25614">
    <groups>
    </groups>
    <test started-at="2021-10-13T10:37:07 IST" name="Default test" finished-at="2021-10-13T10:37:32 IST" duration-ms="25614">
      <class name="com.flipkart.testcases.TC_flipkart">
        <test-method is-config="true" signature="setup()[pri:0, instance:com.flipkart.testcases.TC_flipkart@75f9eccc]" started-at="2021-10-13T10:37:07 IST" name="setup" finished-at="2021-10-13T10:37:11 IST" duration-ms="4252" status="PASS">
          <reporter-output>
          </reporter-output>
        </test-method> <!-- setup -->
        <test-method signature="verifyFlpkrtLogin()[pri:0, instance:com.flipkart.testcases.TC_flipkart@75f9eccc]" started-at="2021-10-13T10:37:11 IST" name="verifyFlpkrtLogin" description="Verify an entire flow of add to cart process" finished-at="2021-10-13T10:37:32 IST" duration-ms="21256" status="PASS">
          <reporter-output>
          </reporter-output>
        </test-method> <!-- verifyFlpkrtLogin -->
        <test-method is-config="true" signature="quit()[pri:0, instance:com.flipkart.testcases.TC_flipkart@75f9eccc]" started-at="2021-10-13T10:37:32 IST" name="quit" finished-at="2021-10-13T10:37:32 IST" duration-ms="73" status="PASS">
          <reporter-output>
          </reporter-output>
        </test-method> <!-- quit -->
      </class> <!-- com.flipkart.testcases.TC_flipkart -->
    </test> <!-- Default test -->
  </suite> <!-- Default suite -->
</testng-results>
